<?xml version="1.0" encoding="utf-8"?><testsuites><testsuite name="pytest" errors="0" failures="0" skipped="0" tests="81" time="0.440" timestamp="2023-02-14T16:05:24.913714" hostname="MacBook-Pro-di-archetipo-2.local"><testcase classname="camunda.client.tests.test_engine_client.EngineClientTest" name="test_correlate_message_invalid_message_name_raises_exception" time="0.008" /><testcase classname="camunda.client.tests.test_engine_client.EngineClientTest" name="test_correlate_message_with_business_key" time="0.003" /><testcase classname="camunda.client.tests.test_engine_client.EngineClientTest" name="test_correlate_message_with_only_message_name" time="0.001" /><testcase classname="camunda.client.tests.test_engine_client.EngineClientTest" name="test_correlate_message_with_tenant_id" time="0.001" /><testcase classname="camunda.client.tests.test_engine_client.EngineClientTest" name="test_get_process_instance_bad_request_raises_exception" time="0.003" /><testcase classname="camunda.client.tests.test_engine_client.EngineClientTest" name="test_get_process_instance_server_error_raises_exception" time="0.003" /><testcase classname="camunda.client.tests.test_engine_client.EngineClientTest" name="test_get_process_instance_success" time="0.002" /><testcase classname="camunda.client.tests.test_engine_client.EngineClientTest" name="test_get_process_instance_variable_with_meta" time="0.005" /><testcase classname="camunda.client.tests.test_engine_client.EngineClientTest" name="test_get_process_instance_variable_without_meta" time="0.004" /><testcase classname="camunda.client.tests.test_engine_client.EngineClientTest" name="test_start_process_bad_request_raises_exception" time="0.002" /><testcase classname="camunda.client.tests.test_engine_client.EngineClientTest" name="test_start_process_not_found_raises_exception" time="0.003" /><testcase classname="camunda.client.tests.test_engine_client.EngineClientTest" name="test_start_process_server_error_raises_exception" time="0.002" /><testcase classname="camunda.client.tests.test_engine_client.EngineClientTest" name="test_start_process_success" time="0.003" /><testcase classname="camunda.client.tests.test_engine_client_auth.EngineClientAuthTest" name="test_auth_basic_correlate_message_invalid_message_name_raises_exception" time="0.002" /><testcase classname="camunda.client.tests.test_engine_client_auth.EngineClientAuthTest" name="test_auth_basic_correlate_message_with_business_key" time="0.002" /><testcase classname="camunda.client.tests.test_engine_client_auth.EngineClientAuthTest" name="test_auth_basic_correlate_message_with_only_message_name" time="0.001" /><testcase classname="camunda.client.tests.test_engine_client_auth.EngineClientAuthTest" name="test_auth_basic_correlate_message_with_tenant_id" time="0.001" /><testcase classname="camunda.client.tests.test_engine_client_auth.EngineClientAuthTest" name="test_auth_basic_get_process_instance_bad_request_raises_exception" time="0.003" /><testcase classname="camunda.client.tests.test_engine_client_auth.EngineClientAuthTest" name="test_auth_basic_get_process_instance_server_error_raises_exception" time="0.003" /><testcase classname="camunda.client.tests.test_engine_client_auth.EngineClientAuthTest" name="test_auth_basic_get_process_instance_success" time="0.003" /><testcase classname="camunda.client.tests.test_engine_client_auth.EngineClientAuthTest" name="test_auth_basic_get_process_instance_variable_with_meta" time="0.004" /><testcase classname="camunda.client.tests.test_engine_client_auth.EngineClientAuthTest" name="test_auth_basic_get_process_instance_variable_without_meta" time="0.004" /><testcase classname="camunda.client.tests.test_engine_client_auth.EngineClientAuthTest" name="test_auth_basic_start_process_bad_request_raises_exception" time="0.002" /><testcase classname="camunda.client.tests.test_engine_client_auth.EngineClientAuthTest" name="test_auth_basic_start_process_not_found_raises_exception" time="0.002" /><testcase classname="camunda.client.tests.test_engine_client_auth.EngineClientAuthTest" name="test_auth_basic_start_process_server_error_raises_exception" time="0.002" /><testcase classname="camunda.client.tests.test_engine_client_auth.EngineClientAuthTest" name="test_auth_basic_start_process_success" time="0.003" /><testcase classname="camunda.client.tests.test_external_task_client.ExternalTaskClientTest" name="test_creation_with_debug_config" time="0.000" /><testcase classname="camunda.client.tests.test_external_task_client.ExternalTaskClientTest" name="test_creation_with_no_debug_config" time="0.000" /><testcase classname="camunda.client.tests.test_external_task_client_auth.ExternalTaskClientTest" name="test_auth_basic_creation_with_debug_config" time="0.000" /><testcase classname="camunda.client.tests.test_external_task_client_auth.ExternalTaskClientTest" name="test_auth_basic_creation_with_no_debug_config" time="0.000" /><testcase classname="camunda.external_task.tests.test_external_task.ExternalTaskTest" name="test_bpmn_error_returns_bpmn_error_task_result" time="0.001" /><testcase classname="camunda.external_task.tests.test_external_task.ExternalTaskTest" name="test_complete_returns_success_task_result" time="0.000" /><testcase classname="camunda.external_task.tests.test_external_task.ExternalTaskTest" name="test_external_task_creation_from_context" time="0.000" /><testcase classname="camunda.external_task.tests.test_external_task.ExternalTaskTest" name="test_failure_returns_failure_task_result" time="0.000" /><testcase classname="camunda.external_task.tests.test_external_task.ExternalTaskTest" name="test_get_property_returns_value_for_property_present" time="0.000" /><testcase classname="camunda.external_task.tests.test_external_task.ExternalTaskTest" name="test_get_variable_returns_none_for_missing_variable" time="0.000" /><testcase classname="camunda.external_task.tests.test_external_task.ExternalTaskTest" name="test_get_variable_returns_value_for_variable_present" time="0.000" /><testcase classname="camunda.external_task.tests.test_external_task.ExternalTaskTest" name="test_get_variable_returns_with_meta" time="0.000" /><testcase classname="camunda.external_task.tests.test_external_task.ExternalTaskTest" name="test_get_variable_returns_without_meta" time="0.000" /><testcase classname="camunda.external_task.tests.test_external_task.ExternalTaskTest" name="test_str" time="0.000" /><testcase classname="camunda.external_task.tests.test_external_task.ExternalTaskTest" name="test_task_with_retries_returns_failure_task_result_with_decremented_retries" time="0.000" /><testcase classname="camunda.external_task.tests.test_external_task_executor.ExternalTaskExecutorTest" name="test_execute_task_raises_exception_if_engine_returns_http_status_other_than_no_content_204" time="0.007" /><testcase classname="camunda.external_task.tests.test_external_task_executor.ExternalTaskExecutorTest" name="test_execute_task_raises_exception_raised_when_updating_status_in_engine" time="0.006" /><testcase classname="camunda.external_task.tests.test_external_task_executor.ExternalTaskExecutorTest" name="test_strip_long_variables" time="0.000" /><testcase classname="camunda.external_task.tests.test_external_task_executor.ExternalTaskExecutorTest" name="test_task_bpmn_error" time="0.002" /><testcase classname="camunda.external_task.tests.test_external_task_executor.ExternalTaskExecutorTest" name="test_task_complete" time="0.002" /><testcase classname="camunda.external_task.tests.test_external_task_executor.ExternalTaskExecutorTest" name="test_task_failure" time="0.002" /><testcase classname="camunda.external_task.tests.test_external_task_executor.ExternalTaskExecutorTest" name="test_task_result_not_complete_failure_bpmn_error_raises_exception" time="0.001" /><testcase classname="camunda.external_task.tests.test_external_task_worker.ExternalTaskWorkerTest" name="test_fetch_and_execute_calls_task_action_for_each_task_fetched" time="0.003" /><testcase classname="camunda.external_task.tests.test_external_task_worker.ExternalTaskWorkerTest" name="test_fetch_and_execute_raises_exception_if_no_tasks_found" time="0.003" /><testcase classname="camunda.external_task.tests.test_external_task_worker.ExternalTaskWorkerTest" name="test_fetch_and_execute_raises_exception_if_task_action_raises_exception" time="0.004" /><testcase classname="camunda.external_task.tests.test_external_task_worker.ExternalTaskWorkerTest" name="test_fetch_and_execute_safe_raises_exception_sleep_is_called" time="0.003" /><testcase classname="camunda.process_definition.tests.test_process_definition_client.ProcessDefinitionClientTest" name="test_get_process_definitions_url_params_uses_all_specified_params" time="0.001" /><testcase classname="camunda.process_definition.tests.test_process_definition_client.ProcessDefinitionClientTest" name="test_get_process_definitions_url_params_uses_non_none_params" time="0.000" /><testcase classname="camunda.process_definition.tests.test_process_definition_client.ProcessDefinitionClientTest" name="test_start_process_by_version_raises_exception_if_no_process_definitions_found" time="0.002" /><testcase classname="camunda.process_definition.tests.test_process_definition_client.ProcessDefinitionClientTest" name="test_start_process_by_version_returns_process_details_if_started_successfully" time="0.004" /><testcase classname="camunda.process_definition.tests.test_process_definition_client.ProcessDefinitionClientTest" name="test_start_process_by_version_uses_first_process_definition_id_if_more_than_one_found" time="0.004" /><testcase classname="camunda.utils.tests.test_auth_basic.TestAuthBasic" name="test_auth_basic" time="0.001" /><testcase classname="camunda.utils.tests.test_auth_basic.TestAuthBasic" name="test_obfuscate_password" time="0.000" /><testcase classname="camunda.utils.tests.test_response_utils.TestRaiseExceptionIfResponseNotOk" name="test_does_not_raise_exception_if_response_is_ok" time="0.000" /><testcase classname="camunda.utils.tests.test_response_utils.TestRaiseExceptionIfResponseNotOk" name="test_get_response_error_message_no_error_type_no_message" time="0.000" /><testcase classname="camunda.utils.tests.test_response_utils.TestRaiseExceptionIfResponseNotOk" name="test_get_response_error_message_only_msg_no_type" time="0.000" /><testcase classname="camunda.utils.tests.test_response_utils.TestRaiseExceptionIfResponseNotOk" name="test_get_response_error_message_only_type_no_msg" time="0.000" /><testcase classname="camunda.utils.tests.test_response_utils.TestRaiseExceptionIfResponseNotOk" name="test_raise_exception_if_response_is_not_ok" time="0.000" /><testcase classname="camunda.utils.tests.test_utils.TestUtils" name="test_join_empty_list" time="0.000" /><testcase classname="camunda.utils.tests.test_utils.TestUtils" name="test_join_non_empty_list" time="0.000" /><testcase classname="camunda.utils.tests.test_utils.TestUtils" name="test_str_to_list_returns_list_as_is" time="0.000" /><testcase classname="camunda.utils.tests.test_utils.TestUtils" name="test_str_to_list_returns_list_with_string_passed" time="0.000" /><testcase classname="camunda.variables.tests.test_properties.PropertiesTest" name="test_get_variable_returns_none_when_variable_absent" time="0.000" /><testcase classname="camunda.variables.tests.test_properties.PropertiesTest" name="test_get_variable_returns_value_when_variable_present" time="0.000" /><testcase classname="camunda.variables.tests.test_properties.PropertiesTest" name="test_to_dict_returns_variables_as_dict" time="0.000" /><testcase classname="camunda.variables.tests.test_variables.VariablesTest" name="test_format_returns_dict_with_value_when_nested_dict" time="0.000" /><testcase classname="camunda.variables.tests.test_variables.VariablesTest" name="test_format_returns_empty_dict_when_none_is_passed" time="0.000" /><testcase classname="camunda.variables.tests.test_variables.VariablesTest" name="test_format_returns_empty_dict_when_variables_absent" time="0.000" /><testcase classname="camunda.variables.tests.test_variables.VariablesTest" name="test_format_returns_formatted_variables_keeps_already_formatted" time="0.000" /><testcase classname="camunda.variables.tests.test_variables.VariablesTest" name="test_format_returns_formatted_variables_when_variables_present" time="0.000" /><testcase classname="camunda.variables.tests.test_variables.VariablesTest" name="test_get_variable_returns_none_when_variable_absent" time="0.001" /><testcase classname="camunda.variables.tests.test_variables.VariablesTest" name="test_get_variable_returns_value_when_variable_present" time="0.000" /><testcase classname="camunda.variables.tests.test_variables.VariablesTest" name="test_get_variable_returns_with_meta" time="0.000" /><testcase classname="camunda.variables.tests.test_variables.VariablesTest" name="test_get_variable_returns_without_meta" time="0.000" /><testcase classname="camunda.variables.tests.test_variables.VariablesTest" name="test_to_dict_returns_variables_as_dict" time="0.000" /></testsuite></testsuites>